<?xml version="1.0" encoding="UTF-8"?>
<!-- Generated by org.testng.reporters.JUnitXMLReporter -->
<testsuite ignored="0" hostname="DESKTOP-BBK2FB8" failures="0" tests="1" name="Test" time="14.329" errors="0" timestamp="2023-02-06T15:28:14 IST">
  <testcase classname="com.extent.ExtentReportTestNG" name="@AfterClass tearDown" time="0.001">
    <failure type="java.lang.NullPointerException">
      <![CDATA[java.lang.NullPointerException
at com.extent.ExtentReportTestNG.tearDown(ExtentReportTestNG.java:111)
at java.base/java.util.ArrayList.forEach(ArrayList.java:1541)
... Removed 25 stack frames]]>
    </failure>
  </testcase> <!-- @AfterClass tearDown -->
  <testcase classname="com.extent.ExtentReportTestNG" name="name" time="14.207"/>
</testsuite> <!-- Test -->
