<?xml version="1.0" encoding="UTF-8"?>
<testng-results ignored="0" total="1" passed="1" failed="0" skipped="0">
  <reporter-output>
  </reporter-output>
  <suite started-at="2023-02-08T17:45:52 IST" name="Suite" finished-at="2023-02-08T17:45:56 IST" duration-ms="3675">
    <groups>
    </groups>
    <test started-at="2023-02-08T17:45:52 IST" name="Test" finished-at="2023-02-08T17:45:56 IST" duration-ms="3675">
      <class name="com.jen.Jenkins">
        <test-method signature="report()[pri:0, instance:com.jen.Jenkins@6e6f2380]" started-at="2023-02-08T17:45:52 IST" name="report" finished-at="2023-02-08T17:45:56 IST" duration-ms="3636" status="PASS">
          <reporter-output>
          </reporter-output>
        </test-method> <!-- report -->
      </class> <!-- com.jen.Jenkins -->
    </test> <!-- Test -->
  </suite> <!-- Suite -->
</testng-results>
